app/build/intermediates/manifest_merge_blame_file/debug/manifest-merger-blame-debug-report.txt
1<?xml version="1.0" encoding="utf-8"?>
2<manifest xmlns:android="http://schemas.android.com/apk/res/android"
3    package="com.example.kelimequiz"
4    android:versionCode="1"
5    android:versionName="1.0" >
6
7    <uses-sdk
8        android:minSdkVersion="24"
9        android:targetSdkVersion="34" />
10
11    <permission
11-->[androidx.core:core:1.9.0] AndroidManifest.xml:22:5-24:47
12        android:name="com.example.kelimequiz.DYNAMIC_RECEIVER_NOT_EXPORTED_PERMISSION"
12-->[androidx.core:core:1.9.0] AndroidManifest.xml:23:9-81
13        android:protectionLevel="signature" />
13-->[androidx.core:core:1.9.0] AndroidManifest.xml:24:9-44
14
15    <uses-permission android:name="com.example.kelimequiz.DYNAMIC_RECEIVER_NOT_EXPORTED_PERMISSION" />
15-->[androidx.core:core:1.9.0] AndroidManifest.xml:26:5-97
15-->[androidx.core:core:1.9.0] AndroidManifest.xml:26:22-94
16
17    <application
17-->src\main\AndroidManifest.xml:4:5-58:19
18        android:allowBackup="true"
18-->src\main\AndroidManifest.xml:5:9-35
19        android:appComponentFactory="androidx.core.app.CoreComponentFactory"
19-->[androidx.core:core:1.9.0] AndroidManifest.xml:28:18-86
20        android:debuggable="true"
21        android:extractNativeLibs="false"
22        android:icon="@android:mipmap/sym_def_app_icon"
22-->src\main\AndroidManifest.xml:6:9-56
23        android:label="Kişisel Dil Kartlarım"
23-->src\main\AndroidManifest.xml:7:9-46
24        android:roundIcon="@android:mipmap/sym_def_app_icon"
24-->src\main\AndroidManifest.xml:8:9-61
25        android:supportsRtl="true"
25-->src\main\AndroidManifest.xml:9:9-35
26        android:theme="@style/Theme.KelimeQuiz" >
26-->src\main\AndroidManifest.xml:10:9-48
27
28        <!-- Dashboard (Ana Ekran) -->
29        <activity
29-->src\main\AndroidManifest.xml:13:9-20:20
30            android:name="com.example.kelimequiz.MainActivity"
30-->src\main\AndroidManifest.xml:14:13-41
31            android:exported="true" >
31-->src\main\AndroidManifest.xml:15:13-36
32            <intent-filter>
32-->src\main\AndroidManifest.xml:16:13-19:29
33                <action android:name="android.intent.action.MAIN" />
33-->src\main\AndroidManifest.xml:17:17-69
33-->src\main\AndroidManifest.xml:17:25-66
34
35                <category android:name="android.intent.category.LAUNCHER" />
35-->src\main\AndroidManifest.xml:18:17-77
35-->src\main\AndroidManifest.xml:18:27-74
36            </intent-filter>
37        </activity>
38
39        <!-- Kategori Kelime Listesi -->
40        <activity
40-->src\main\AndroidManifest.xml:23:9-25:40
41            android:name="com.example.kelimequiz.CategoryDetailActivity"
41-->src\main\AndroidManifest.xml:24:13-51
42            android:exported="false" />
42-->src\main\AndroidManifest.xml:25:13-37
43
44        <!-- Flashcard (Kart Çalışması) -->
45        <activity
45-->src\main\AndroidManifest.xml:28:9-31:52
46            android:name="com.example.kelimequiz.FlashcardActivity"
46-->src\main\AndroidManifest.xml:29:13-46
47            android:exported="false"
47-->src\main\AndroidManifest.xml:30:13-37
48            android:screenOrientation="portrait" />
48-->src\main\AndroidManifest.xml:31:13-49
49
50        <!-- Quiz Modu -->
51        <activity
51-->src\main\AndroidManifest.xml:34:9-36:40
52            android:name="com.example.kelimequiz.QuizActivity"
52-->src\main\AndroidManifest.xml:35:13-41
53            android:exported="false" />
53-->src\main\AndroidManifest.xml:36:13-37
54
55        <!-- Sık Kullanılan Cümleler -->
56        <activity
56-->src\main\AndroidManifest.xml:39:9-41:40
57            android:name="com.example.kelimequiz.CommonSentencesActivity"
57-->src\main\AndroidManifest.xml:40:13-52
58            android:exported="false" />
58-->src\main\AndroidManifest.xml:41:13-37
59
60        <!-- Favori Kelimeler -->
61        <activity
61-->src\main\AndroidManifest.xml:44:9-46:40
62            android:name="com.example.kelimequiz.FavoritesActivity"
62-->src\main\AndroidManifest.xml:45:13-46
63            android:exported="false" />
63-->src\main\AndroidManifest.xml:46:13-37
64
65        <!-- İstatistikler -->
66        <activity
66-->src\main\AndroidManifest.xml:49:9-51:40
67            android:name="com.example.kelimequiz.StatisticsActivity"
67-->src\main\AndroidManifest.xml:50:13-47
68            android:exported="false" />
68-->src\main\AndroidManifest.xml:51:13-37
69
70        <!-- Ayarlar -->
71        <activity
71-->src\main\AndroidManifest.xml:54:9-56:40
72            android:name="com.example.kelimequiz.SettingsActivity"
72-->src\main\AndroidManifest.xml:55:13-45
73            android:exported="false" />
73-->src\main\AndroidManifest.xml:56:13-37
74
75        <provider
75-->[androidx.emoji2:emoji2:1.2.0] AndroidManifest.xml:24:9-32:20
76            android:name="androidx.startup.InitializationProvider"
76-->[androidx.emoji2:emoji2:1.2.0] AndroidManifest.xml:25:13-67
77            android:authorities="com.example.kelimequiz.androidx-startup"
77-->[androidx.emoji2:emoji2:1.2.0] AndroidManifest.xml:26:13-68
78            android:exported="false" >
78-->[androidx.emoji2:emoji2:1.2.0] AndroidManifest.xml:27:13-37
79            <meta-data
79-->[androidx.emoji2:emoji2:1.2.0] AndroidManifest.xml:29:13-31:52
80                android:name="androidx.emoji2.text.EmojiCompatInitializer"
80-->[androidx.emoji2:emoji2:1.2.0] AndroidManifest.xml:30:17-75
81                android:value="androidx.startup" />
81-->[androidx.emoji2:emoji2:1.2.0] AndroidManifest.xml:31:17-49
82            <meta-data
82-->[androidx.lifecycle:lifecycle-process:2.6.1] AndroidManifest.xml:29:13-31:52
83                android:name="androidx.lifecycle.ProcessLifecycleInitializer"
83-->[androidx.lifecycle:lifecycle-process:2.6.1] AndroidManifest.xml:30:17-78
84                android:value="androidx.startup" />
84-->[androidx.lifecycle:lifecycle-process:2.6.1] AndroidManifest.xml:31:17-49
85            <meta-data
85-->[androidx.profileinstaller:profileinstaller:1.3.0] AndroidManifest.xml:29:13-31:52
86                android:name="androidx.profileinstaller.ProfileInstallerInitializer"
86-->[androidx.profileinstaller:profileinstaller:1.3.0] AndroidManifest.xml:30:17-85
87                android:value="androidx.startup" />
87-->[androidx.profileinstaller:profileinstaller:1.3.0] AndroidManifest.xml:31:17-49
88        </provider>
89
90        <receiver
90-->[androidx.profileinstaller:profileinstaller:1.3.0] AndroidManifest.xml:34:9-52:20
91            android:name="androidx.profileinstaller.ProfileInstallReceiver"
91-->[androidx.profileinstaller:profileinstaller:1.3.0] AndroidManifest.xml:35:13-76
92            android:directBootAware="false"
92-->[androidx.profileinstaller:profileinstaller:1.3.0] AndroidManifest.xml:36:13-44
93            android:enabled="true"
93-->[androidx.profileinstaller:profileinstaller:1.3.0] AndroidManifest.xml:37:13-35
94            android:exported="true"
94-->[androidx.profileinstaller:profileinstaller:1.3.0] AndroidManifest.xml:38:13-36
95            android:permission="android.permission.DUMP" >
95-->[androidx.profileinstaller:profileinstaller:1.3.0] AndroidManifest.xml:39:13-57
96            <intent-filter>
96-->[androidx.profileinstaller:profileinstaller:1.3.0] AndroidManifest.xml:40:13-42:29
97                <action android:name="androidx.profileinstaller.action.INSTALL_PROFILE" />
97-->[androidx.profileinstaller:profileinstaller:1.3.0] AndroidManifest.xml:41:17-91
97-->[androidx.profileinstaller:profileinstaller:1.3.0] AndroidManifest.xml:41:25-88
98            </intent-filter>
99            <intent-filter>
99-->[androidx.profileinstaller:profileinstaller:1.3.0] AndroidManifest.xml:43:13-45:29
100                <action android:name="androidx.profileinstaller.action.SKIP_FILE" />
100-->[androidx.profileinstaller:profileinstaller:1.3.0] AndroidManifest.xml:44:17-85
100-->[androidx.profileinstaller:profileinstaller:1.3.0] AndroidManifest.xml:44:25-82
101            </intent-filter>
102            <intent-filter>
102-->[androidx.profileinstaller:profileinstaller:1.3.0] AndroidManifest.xml:46:13-48:29
103                <action android:name="androidx.profileinstaller.action.SAVE_PROFILE" />
103-->[androidx.profileinstaller:profileinstaller:1.3.0] AndroidManifest.xml:47:17-88
103-->[androidx.profileinstaller:profileinstaller:1.3.0] AndroidManifest.xml:47:25-85
104            </intent-filter>
105            <intent-filter>
105-->[androidx.profileinstaller:profileinstaller:1.3.0] AndroidManifest.xml:49:13-51:29
106                <action android:name="androidx.profileinstaller.action.BENCHMARK_OPERATION" />
106-->[androidx.profileinstaller:profileinstaller:1.3.0] AndroidManifest.xml:50:17-95
106-->[androidx.profileinstaller:profileinstaller:1.3.0] AndroidManifest.xml:50:25-92
107            </intent-filter>
108        </receiver>
109    </application>
110
111</manifest>